{"uuid":"fc0387a4-df67-4d4f-a54b-9f104a4b5433","historyId":"fb334033bfa6c45c6391ec3786913d5","fullName":"cucumber.api.testng.AbstractTestNGCucumberTests.feature","labels":[{"name":"package","value":"com.cec.qa.runner.MainRunner"},{"name":"testClass","value":"com.cec.qa.runner.MainRunner"},{"name":"testMethod","value":"feature"},{"name":"parentSuite","value":"Default suite"},{"name":"suite","value":"Default test"},{"name":"subSuite","value":"com.cec.qa.runner.MainRunner"},{"name":"host","value":"GISI-0NVH5P"},{"name":"thread","value":"20240@GISI-0NVH5P.main(1)"}],"links":[],"name":"Runs Cucumber Feature","status":"broken","statusDetails":{"known":false,"muted":false,"flaky":false,"message":"org.openqa.selenium.SessionNotCreatedException: Unexpected error launching Internet Explorer. Protected Mode settings are not the same for all zones. Enable Protected Mode must be set to the same value (enabled or disabled) for all zones.\nBuild info: version: '3.141.59', revision: 'e82be7d358', time: '2018-11-14T08:17:03'\nSystem info: host: 'GISI-0NVH5P', ip: '10.20.30.47', os.name: 'Windows 10', os.arch: 'amd64', os.version: '10.0', java.version: '1.8.0_131'\nDriver info: driver.version: InternetExplorerDriver\nremote stacktrace: ","trace":"cucumber.runtime.CucumberException: org.openqa.selenium.SessionNotCreatedException: Unexpected error launching Internet Explorer. Protected Mode settings are not the same for all zones. Enable Protected Mode must be set to the same value (enabled or disabled) for all zones.\nBuild info: version: '3.141.59', revision: 'e82be7d358', time: '2018-11-14T08:17:03'\nSystem info: host: 'GISI-0NVH5P', ip: '10.20.30.47', os.name: 'Windows 10', os.arch: 'amd64', os.version: '10.0', java.version: '1.8.0_131'\nDriver info: driver.version: InternetExplorerDriver\nremote stacktrace: \r\n\tat cucumber.api.testng.TestNGCucumberRunner.runCucumber(TestNGCucumberRunner.java:69)\r\n\tat cucumber.api.testng.AbstractTestNGCucumberTests.feature(AbstractTestNGCucumberTests.java:21)\r\n\tat sun.reflect.NativeMethodAccessorImpl.invoke0(Native Method)\r\n\tat sun.reflect.NativeMethodAccessorImpl.invoke(NativeMethodAccessorImpl.java:62)\r\n\tat sun.reflect.DelegatingMethodAccessorImpl.invoke(DelegatingMethodAccessorImpl.java:43)\r\n\tat java.lang.reflect.Method.invoke(Method.java:498)\r\n\tat org.testng.internal.MethodInvocationHelper.invokeMethod(MethodInvocationHelper.java:124)\r\n\tat org.testng.internal.Invoker.invokeMethod(Invoker.java:583)\r\n\tat org.testng.internal.Invoker.invokeTestMethod(Invoker.java:719)\r\n\tat org.testng.internal.Invoker.invokeTestMethods(Invoker.java:989)\r\n\tat org.testng.internal.TestMethodWorker.invokeTestMethods(TestMethodWorker.java:125)\r\n\tat org.testng.internal.TestMethodWorker.run(TestMethodWorker.java:109)\r\n\tat org.testng.TestRunner.privateRun(TestRunner.java:648)\r\n\tat org.testng.TestRunner.run(TestRunner.java:505)\r\n\tat org.testng.SuiteRunner.runTest(SuiteRunner.java:455)\r\n\tat org.testng.SuiteRunner.runSequentially(SuiteRunner.java:450)\r\n\tat org.testng.SuiteRunner.privateRun(SuiteRunner.java:415)\r\n\tat org.testng.SuiteRunner.run(SuiteRunner.java:364)\r\n\tat org.testng.SuiteRunnerWorker.runSuite(SuiteRunnerWorker.java:52)\r\n\tat org.testng.SuiteRunnerWorker.run(SuiteRunnerWorker.java:84)\r\n\tat org.testng.TestNG.runSuitesSequentially(TestNG.java:1208)\r\n\tat org.testng.TestNG.runSuitesLocally(TestNG.java:1137)\r\n\tat org.testng.TestNG.runSuites(TestNG.java:1049)\r\n\tat org.testng.TestNG.run(TestNG.java:1017)\r\n\tat org.testng.remote.AbstractRemoteTestNG.run(AbstractRemoteTestNG.java:115)\r\n\tat org.testng.remote.RemoteTestNG.initAndRun(RemoteTestNG.java:251)\r\n\tat org.testng.remote.RemoteTestNG.main(RemoteTestNG.java:77)\r\nCaused by: org.openqa.selenium.SessionNotCreatedException: Unexpected error launching Internet Explorer. Protected Mode settings are not the same for all zones. Enable Protected Mode must be set to the same value (enabled or disabled) for all zones.\nBuild info: version: '3.141.59', revision: 'e82be7d358', time: '2018-11-14T08:17:03'\nSystem info: host: 'GISI-0NVH5P', ip: '10.20.30.47', os.name: 'Windows 10', os.arch: 'amd64', os.version: '10.0', java.version: '1.8.0_131'\nDriver info: driver.version: InternetExplorerDriver\nremote stacktrace: \r\n\tat sun.reflect.NativeConstructorAccessorImpl.newInstance0(Native Method)\r\n\tat sun.reflect.NativeConstructorAccessorImpl.newInstance(NativeConstructorAccessorImpl.java:62)\r\n\tat sun.reflect.DelegatingConstructorAccessorImpl.newInstance(DelegatingConstructorAccessorImpl.java:45)\r\n\tat java.lang.reflect.Constructor.newInstance(Constructor.java:423)\r\n\tat org.openqa.selenium.remote.W3CHandshakeResponse.lambda$errorHandler$0(W3CHandshakeResponse.java:62)\r\n\tat org.openqa.selenium.remote.HandshakeResponse.lambda$getResponseFunction$0(HandshakeResponse.java:30)\r\n\tat org.openqa.selenium.remote.ProtocolHandshake.lambda$createSession$0(ProtocolHandshake.java:126)\r\n\tat java.util.stream.ReferencePipeline$3$1.accept(ReferencePipeline.java:193)\r\n\tat java.util.Spliterators$ArraySpliterator.tryAdvance(Spliterators.java:958)\r\n\tat java.util.stream.ReferencePipeline.forEachWithCancel(ReferencePipeline.java:126)\r\n\tat java.util.stream.AbstractPipeline.copyIntoWithCancel(AbstractPipeline.java:498)\r\n\tat java.util.stream.AbstractPipeline.copyInto(AbstractPipeline.java:485)\r\n\tat java.util.stream.AbstractPipeline.wrapAndCopyInto(AbstractPipeline.java:471)\r\n\tat java.util.stream.FindOps$FindOp.evaluateSequential(FindOps.java:152)\r\n\tat java.util.stream.AbstractPipeline.evaluate(AbstractPipeline.java:234)\r\n\tat java.util.stream.ReferencePipeline.findFirst(ReferencePipeline.java:464)\r\n\tat org.openqa.selenium.remote.ProtocolHandshake.createSession(ProtocolHandshake.java:128)\r\n\tat org.openqa.selenium.remote.ProtocolHandshake.createSession(ProtocolHandshake.java:74)\r\n\tat org.openqa.selenium.remote.HttpCommandExecutor.execute(HttpCommandExecutor.java:136)\r\n\tat org.openqa.selenium.remote.service.DriverCommandExecutor.execute(DriverCommandExecutor.java:83)\r\n\tat org.openqa.selenium.remote.RemoteWebDriver.execute(RemoteWebDriver.java:552)\r\n\tat org.openqa.selenium.remote.RemoteWebDriver.startSession(RemoteWebDriver.java:213)\r\n\tat org.openqa.selenium.ie.InternetExplorerDriver.run(InternetExplorerDriver.java:221)\r\n\tat org.openqa.selenium.ie.InternetExplorerDriver.<init>(InternetExplorerDriver.java:213)\r\n\tat org.openqa.selenium.ie.InternetExplorerDriver.<init>(InternetExplorerDriver.java:150)\r\n\tat com.cec.qa.base.BaseTest.initialization(BaseTest.java:109)\r\n\tat com.cec.qa.stepdefinations.Hooks.eventsetup(Hooks.java:47)\r\n\tat sun.reflect.NativeMethodAccessorImpl.invoke0(Native Method)\r\n\tat sun.reflect.NativeMethodAccessorImpl.invoke(NativeMethodAccessorImpl.java:62)\r\n\tat sun.reflect.DelegatingMethodAccessorImpl.invoke(DelegatingMethodAccessorImpl.java:43)\r\n\tat java.lang.reflect.Method.invoke(Method.java:498)\r\n\tat cucumber.runtime.Utils$1.call(Utils.java:40)\r\n\tat cucumber.runtime.Timeout.timeout(Timeout.java:16)\r\n\tat cucumber.runtime.Utils.invoke(Utils.java:34)\r\n\tat cucumber.runtime.java.JavaHookDefinition.execute(JavaHookDefinition.java:60)\r\n\tat cucumber.runtime.Runtime.runHookIfTagsMatch(Runtime.java:224)\r\n\tat cucumber.runtime.Runtime.runHooks(Runtime.java:212)\r\n\tat cucumber.runtime.Runtime.runBeforeHooks(Runtime.java:202)\r\n\tat cucumber.runtime.model.CucumberScenario.run(CucumberScenario.java:40)\r\n\tat cucumber.runtime.model.CucumberFeature.run(CucumberFeature.java:165)\r\n\tat cucumber.api.testng.TestNGCucumberRunner.runCucumber(TestNGCucumberRunner.java:63)\r\n\t... 26 more\r\n"},"stage":"finished","start":1573203914554,"stop":1573203926575,"parameters":[{"name":"arg0","value":"KidsGroupEvent validation"}]}